{"name": "test_get_book_latest", "status": "failed", "statusDetails": {"message": "AssertionError: assert 'Title2' == '1'\n  - 1\n  + Title2", "trace": "def test_get_book_latest():\n        add_book(book1.type, book1.title, book1.date)\n        add_book(book2.type, book2.title, book2.date)\n    \n        res = get_book_latest(limit=2)\n        res = json.loads(res)\n        pprint(res)\n    \n>       assert res[0]['title'] == '1'\nE       AssertionError: assert 'Title2' == '1'\nE         - 1\nE         + Title2\n\ntests/test_book.py:84: AssertionError"}, "attachments": [{"name": "stdout", "source": "93a78464-33c1-4098-8177-df5ac808ef68-attachment.txt", "type": "text/plain"}], "start": 1623704869816, "stop": 1623704869841, "uuid": "6c3702c4-da39-4535-b7cf-de42fd6dc99a", "historyId": "c8213a7ba92a3dcb273569b03c47de84", "testCaseId": "beedd3b1efa740dcedcaad4605ef517b", "fullName": "tests.test_book#test_get_book_latest", "labels": [{"name": "parentSuite", "value": "tests"}, {"name": "suite", "value": "test_book"}, {"name": "host", "value": "C9993"}, {"name": "thread", "value": "4614-MainThread"}, {"name": "framework", "value": "pytest"}, {"name": "language", "value": "cpython3"}, {"name": "package", "value": "tests.test_book"}]}